<?xml version="1.0" encoding="UTF-8"?>
<!-- Generated by org.testng.reporters.JUnitReportReporter -->
<testsuite hostname="DESKTOP-3KKJS15" failures="0" tests="1" name="maven.Demo2Test" time="0.052" errors="0" timestamp="2023-08-22T08:46:35 IST" skipped="0">
  <testcase classname="maven.Demo2Test" name="Demo2" time="0.052"/>
  <system-out/>
</testsuite> <!-- maven.Demo2Test -->
