<?xml version="1.0" encoding="UTF-8"?>
<!-- Generated by org.testng.reporters.JUnitReportReporter -->
<testsuite hostname="DESKTOP-3KKJS15" failures="0" tests="1" name="maven.Demo2" time="0.030" errors="0" timestamp="2023-08-21T08:51:34 IST" skipped="0">
  <testcase classname="maven.Demo2" name="Demo2" time="0.030"/>
  <system-out/>
</testsuite> <!-- maven.Demo2 -->
