<?xml version="1.0" encoding="UTF-8"?>
<!-- Generated by org.testng.reporters.JUnitReportReporter -->
<testsuite hostname="DESKTOP-3KKJS15" failures="0" tests="1" name="maven.Demo1Test" time="0.021" errors="0" timestamp="2023-08-22T08:46:19 IST" skipped="0">
  <testcase classname="maven.Demo1Test" name="Demo1" time="0.021"/>
  <system-out/>
</testsuite> <!-- maven.Demo1Test -->
