<?xml version="1.0" encoding="UTF-8"?>
<!-- Generated by org.testng.reporters.JUnitReportReporter -->
<testsuite hostname="DESKTOP-3KKJS15" failures="0" tests="1" name="maven.Demo1" time="0.042" errors="0" timestamp="2023-08-21T08:51:04 IST" skipped="0">
  <testcase classname="maven.Demo1" name="Demo1" time="0.042"/>
  <system-out/>
</testsuite> <!-- maven.Demo1 -->
